{"level":"info","message":"Server initializing...","service":"tile-generator","timestamp":"2025-04-21 17:38:03"}
{"level":"info","message":"Creating directory: C:\\Users\\reyno\\autonomous-realms\\server\\temp","service":"tile-generator","timestamp":"2025-04-21 17:38:03"}
{"level":"info","message":"Creating directory: C:\\Users\\reyno\\autonomous-realms\\server\\assets\\tiles","service":"tile-generator","timestamp":"2025-04-21 17:38:03"}
{"level":"info","message":"Server running on port 3000","service":"tile-generator","timestamp":"2025-04-21 17:38:03"}
{"level":"info","message":"Tile requested at position {\"regionX\":0,\"regionY\":0,\"x\":0,\"y\":0}","service":"tile-generator","timestamp":"2025-04-21 17:40:46"}
{"level":"info","message":"Tile not found, generating new tile at position {\"regionX\":0,\"regionY\":0,\"x\":0,\"y\":0}","service":"tile-generator","timestamp":"2025-04-21 17:40:46"}
{"level":"info","message":"Tile requested at position {\"regionX\":0,\"regionY\":0,\"x\":1,\"y\":0}","service":"tile-generator","timestamp":"2025-04-21 17:40:51"}
{"level":"info","message":"Tile not found, generating new tile at position {\"regionX\":0,\"regionY\":0,\"x\":1,\"y\":0}","service":"tile-generator","timestamp":"2025-04-21 17:40:51"}
{"level":"info","message":"Generating horizontal tile at position {\"regionX\":0,\"regionY\":0,\"x\":1,\"y\":0}","service":"tile-generator","timestamp":"2025-04-21 17:40:51"}
{"level":"error","message":"API request failed: API request failed with status 401: {\"message\": \"Access denied. Please verify your API Token is valid.\"}","service":"tile-generator","timestamp":"2025-04-21 17:40:55"}
{"error":{},"level":"error","message":"Error generating horizontal tile: API request failed with status 401: {\"message\": \"Access denied. Please verify your API Token is valid.\"}","position":{"regionX":0,"regionY":0,"x":1,"y":0},"service":"tile-generator","timestamp":"2025-04-21 17:40:55"}
{"level":"error","message":"Previous tile not found at C:\\Users\\reyno\\autonomous-realms\\server\\assets\\tiles\\0_0_0_0.png","service":"tile-generator","timestamp":"2025-04-21 17:40:55"}
{"level":"info","message":"Tile requested at position {\"regionX\":0,\"regionY\":0,\"x\":1,\"y\":0}","service":"tile-generator","timestamp":"2025-04-21 17:41:29"}
{"level":"info","message":"Tile not found, generating new tile at position {\"regionX\":0,\"regionY\":0,\"x\":1,\"y\":0}","service":"tile-generator","timestamp":"2025-04-21 17:41:29"}
{"level":"info","message":"Generating horizontal tile at position {\"regionX\":0,\"regionY\":0,\"x\":1,\"y\":0}","service":"tile-generator","timestamp":"2025-04-21 17:41:29"}
{"level":"error","message":"API request failed: API request failed with status 401: {\"message\": \"Access denied. Please verify your API Token is valid.\"}","service":"tile-generator","timestamp":"2025-04-21 17:41:31"}
{"error":{},"level":"error","message":"Error generating horizontal tile: API request failed with status 401: {\"message\": \"Access denied. Please verify your API Token is valid.\"}","position":{"regionX":0,"regionY":0,"x":1,"y":0},"service":"tile-generator","timestamp":"2025-04-21 17:41:31"}
{"level":"error","message":"Previous tile not found at C:\\Users\\reyno\\autonomous-realms\\server\\assets\\tiles\\0_0_0_0.png","service":"tile-generator","timestamp":"2025-04-21 17:41:31"}
{"level":"info","message":"Server initializing...","service":"tile-generator","timestamp":"2025-04-21 17:42:08"}
{"level":"info","message":"Server running on port 3000","service":"tile-generator","timestamp":"2025-04-21 17:42:08"}
{"level":"info","message":"Tile requested at position {\"regionX\":0,\"regionY\":0,\"x\":0,\"y\":0}","service":"tile-generator","timestamp":"2025-04-21 17:42:16"}
{"level":"info","message":"Tile requested at position {\"regionX\":0,\"regionY\":0,\"x\":1,\"y\":0}","service":"tile-generator","timestamp":"2025-04-21 17:42:22"}
{"level":"info","message":"Tile not found, generating new tile at position {\"regionX\":0,\"regionY\":0,\"x\":1,\"y\":0}","service":"tile-generator","timestamp":"2025-04-21 17:42:22"}
{"level":"info","message":"Generating horizontal tile at position {\"regionX\":0,\"regionY\":0,\"x\":1,\"y\":0}","service":"tile-generator","timestamp":"2025-04-21 17:42:22"}
{"level":"error","message":"API request failed: API request failed with status 401: {\"message\": \"Access denied. Please verify your API Token is valid.\"}","service":"tile-generator","timestamp":"2025-04-21 17:42:24"}
{"error":{},"level":"error","message":"Error generating horizontal tile: API request failed with status 401: {\"message\": \"Access denied. Please verify your API Token is valid.\"}","position":{"regionX":0,"regionY":0,"x":1,"y":0},"service":"tile-generator","timestamp":"2025-04-21 17:42:24"}
{"level":"error","message":"Previous tile not found at C:\\Users\\reyno\\autonomous-realms\\server\\assets\\tiles\\0_0_0_0.png","service":"tile-generator","timestamp":"2025-04-21 17:42:24"}
{"level":"info","message":"Tile requested at position {\"regionX\":0,\"regionY\":0,\"x\":1,\"y\":0}","service":"tile-generator","timestamp":"2025-04-21 17:43:26"}
{"level":"info","message":"Tile not found, generating new tile at position {\"regionX\":0,\"regionY\":0,\"x\":1,\"y\":0}","service":"tile-generator","timestamp":"2025-04-21 17:43:26"}
{"level":"info","message":"Generating horizontal tile at position {\"regionX\":0,\"regionY\":0,\"x\":1,\"y\":0}","service":"tile-generator","timestamp":"2025-04-21 17:43:26"}
{"level":"error","message":"API request failed: API request failed with status 401: {\"message\": \"Access denied. Please verify your API Token is valid.\"}","service":"tile-generator","timestamp":"2025-04-21 17:43:28"}
{"error":{},"level":"error","message":"Error generating horizontal tile: API request failed with status 401: {\"message\": \"Access denied. Please verify your API Token is valid.\"}","position":{"regionX":0,"regionY":0,"x":1,"y":0},"service":"tile-generator","timestamp":"2025-04-21 17:43:28"}
{"level":"error","message":"Previous tile not found at C:\\Users\\reyno\\autonomous-realms\\server\\assets\\tiles\\0_0_0_0.png","service":"tile-generator","timestamp":"2025-04-21 17:43:28"}
{"level":"info","message":"Server initializing...","service":"tile-generator","timestamp":"2025-04-21 17:43:37"}
{"level":"info","message":"Server running on port 3000","service":"tile-generator","timestamp":"2025-04-21 17:43:37"}
{"level":"info","message":"Tile requested at position {\"regionX\":0,\"regionY\":0,\"x\":1,\"y\":0}","service":"tile-generator","timestamp":"2025-04-21 17:43:40"}
{"level":"info","message":"Tile not found, generating new tile at position {\"regionX\":0,\"regionY\":0,\"x\":1,\"y\":0}","service":"tile-generator","timestamp":"2025-04-21 17:43:40"}
{"level":"info","message":"Generating horizontal tile at position {\"regionX\":0,\"regionY\":0,\"x\":1,\"y\":0}","service":"tile-generator","timestamp":"2025-04-21 17:43:40"}
{"level":"error","message":"API request failed: API request failed with status 500: {\"error\": \"We encountered an internal server error\"}","service":"tile-generator","timestamp":"2025-04-21 17:43:44"}
{"error":{},"level":"error","message":"Error generating horizontal tile: API request failed with status 500: {\"error\": \"We encountered an internal server error\"}","position":{"regionX":0,"regionY":0,"x":1,"y":0},"service":"tile-generator","timestamp":"2025-04-21 17:43:44"}
{"level":"warn","message":"Generating fallback tile","service":"tile-generator","timestamp":"2025-04-21 17:43:44"}
{"level":"info","message":"Generating fallback tile for position {\"regionX\":0,\"regionY\":0,\"x\":1,\"y\":0}","service":"tile-generator","timestamp":"2025-04-21 17:43:44"}
{"level":"info","message":"Fallback tile saved to C:\\Users\\reyno\\autonomous-realms\\server\\assets\\tiles\\0_0_1_0.png","service":"tile-generator","timestamp":"2025-04-21 17:43:44"}
{"level":"info","message":"Server initializing...","service":"tile-generator","timestamp":"2025-04-21 17:44:50"}
{"level":"info","message":"Server running on port 3000","service":"tile-generator","timestamp":"2025-04-21 17:44:50"}
{"level":"info","message":"Tile requested at position {\"regionX\":0,\"regionY\":0,\"x\":1,\"y\":0}","service":"tile-generator","timestamp":"2025-04-21 17:45:08"}
{"level":"info","message":"Tile requested at position {\"regionX\":0,\"regionY\":0,\"x\":1,\"y\":0}","service":"tile-generator","timestamp":"2025-04-21 17:45:13"}
{"level":"info","message":"Server initializing...","service":"tile-generator","timestamp":"2025-04-21 17:45:22"}
{"level":"info","message":"Server running on port 3000","service":"tile-generator","timestamp":"2025-04-21 17:45:22"}
{"level":"info","message":"Tile requested at position {\"regionX\":0,\"regionY\":0,\"x\":1,\"y\":0}","service":"tile-generator","timestamp":"2025-04-21 17:45:40"}
{"level":"info","message":"Tile requested at position {\"regionX\":0,\"regionY\":0,\"x\":1,\"y\":0}","service":"tile-generator","timestamp":"2025-04-21 17:46:23"}
{"level":"info","message":"Tile not found, generating new tile at position {\"regionX\":0,\"regionY\":0,\"x\":1,\"y\":0}","service":"tile-generator","timestamp":"2025-04-21 17:46:23"}
{"level":"info","message":"Generating horizontal tile at position {\"regionX\":0,\"regionY\":0,\"x\":1,\"y\":0}","service":"tile-generator","timestamp":"2025-04-21 17:46:23"}
{"level":"error","message":"API request failed: API request failed with status 500: {\"error\": \"We encountered an internal server error\"}","service":"tile-generator","timestamp":"2025-04-21 17:46:25"}
{"error":{},"level":"error","message":"Error generating horizontal tile: API request failed with status 500: {\"error\": \"We encountered an internal server error\"}","position":{"regionX":0,"regionY":0,"x":1,"y":0},"service":"tile-generator","timestamp":"2025-04-21 17:46:25"}
{"level":"warn","message":"Generating fallback tile","service":"tile-generator","timestamp":"2025-04-21 17:46:25"}
{"level":"info","message":"Generating fallback tile for position {\"regionX\":0,\"regionY\":0,\"x\":1,\"y\":0}","service":"tile-generator","timestamp":"2025-04-21 17:46:25"}
{"level":"info","message":"Fallback tile saved to C:\\Users\\reyno\\autonomous-realms\\server\\assets\\tiles\\0_0_1_0.png","service":"tile-generator","timestamp":"2025-04-21 17:46:25"}
{"level":"info","message":"Server initializing...","service":"tile-generator","timestamp":"2025-04-21 17:47:59"}
{"level":"info","message":"Server running on port 3000","service":"tile-generator","timestamp":"2025-04-21 17:47:59"}
{"level":"info","message":"Tile requested at position {\"regionX\":0,\"regionY\":0,\"x\":1,\"y\":0}","service":"tile-generator","timestamp":"2025-04-21 17:48:06"}
{"level":"info","message":"Tile requested at position {\"regionX\":0,\"regionY\":0,\"x\":0,\"y\":0}","service":"tile-generator","timestamp":"2025-04-21 17:48:25"}
{"level":"info","message":"Tile requested at position {\"regionX\":0,\"regionY\":0,\"x\":1,\"y\":0}","service":"tile-generator","timestamp":"2025-04-21 17:48:32"}
{"level":"info","message":"Tile not found, generating new tile at position {\"regionX\":0,\"regionY\":0,\"x\":1,\"y\":0}","service":"tile-generator","timestamp":"2025-04-21 17:48:32"}
{"level":"info","message":"Generating horizontal tile at position {\"regionX\":0,\"regionY\":0,\"x\":1,\"y\":0}","service":"tile-generator","timestamp":"2025-04-21 17:48:32"}
{"level":"warn","message":"API request failed (attempt 1/3): Status 500: {\"error\": \"We encountered an internal server error\"}","service":"tile-generator","timestamp":"2025-04-21 17:48:34"}
{"level":"info","message":"Server initializing...","service":"tile-generator","timestamp":"2025-04-21 17:50:55"}
{"level":"info","message":"Server running on port 3000","service":"tile-generator","timestamp":"2025-04-21 17:50:55"}
{"level":"info","message":"Running API diagnostic test","service":"tile-generator","timestamp":"2025-04-21 17:51:02"}
{"level":"info","message":"Sending test request to Ideogram API","service":"tile-generator","timestamp":"2025-04-21 17:51:02"}
{"level":"info","message":"Server initializing...","service":"tile-generator","timestamp":"2025-04-21 17:53:18"}
{"level":"info","message":"Creating directory: C:\\Users\\reyno\\autonomous-realms\\server\\assets\\masks","service":"tile-generator","timestamp":"2025-04-21 17:53:18"}
{"level":"info","message":"Server running on port 3000","service":"tile-generator","timestamp":"2025-04-21 17:53:18"}
{"level":"info","message":"Running API diagnostic test","service":"tile-generator","timestamp":"2025-04-21 17:53:27"}
{"level":"info","message":"Sending test request to Ideogram API","service":"tile-generator","timestamp":"2025-04-21 17:53:28"}
{"level":"info","message":"Tile requested at position {\"regionX\":0,\"regionY\":0,\"x\":1,\"y\":0}","service":"tile-generator","timestamp":"2025-04-21 17:53:41"}
{"level":"info","message":"Tile not found, generating new tile at position {\"regionX\":0,\"regionY\":0,\"x\":1,\"y\":0}","service":"tile-generator","timestamp":"2025-04-21 17:53:41"}
{"level":"info","message":"Generating horizontal tile at position {\"regionX\":0,\"regionY\":0,\"x\":1,\"y\":0}","service":"tile-generator","timestamp":"2025-04-21 17:53:41"}
{"level":"warn","message":"API request failed (attempt 1/3): Status 500: {\"error\": \"We encountered an internal server error\"}","service":"tile-generator","timestamp":"2025-04-21 17:53:43"}
{"level":"info","message":"Server initializing...","service":"tile-generator","timestamp":"2025-04-21 17:55:41"}
{"level":"info","message":"Server running on port 3000","service":"tile-generator","timestamp":"2025-04-21 17:55:41"}
{"level":"info","message":"Tile requested at position {\"regionX\":0,\"regionY\":0,\"x\":1,\"y\":0}","service":"tile-generator","timestamp":"2025-04-21 17:55:45"}
{"level":"info","message":"Tile not found, generating new tile at position {\"regionX\":0,\"regionY\":0,\"x\":1,\"y\":0}","service":"tile-generator","timestamp":"2025-04-21 17:55:45"}
{"level":"info","message":"Generating horizontal tile at position {\"regionX\":0,\"regionY\":0,\"x\":1,\"y\":0}","service":"tile-generator","timestamp":"2025-04-21 17:55:45"}
{"level":"warn","message":"API request failed (attempt 1/3): Status 500: {\"error\": \"We encountered an internal server error\"}","service":"tile-generator","timestamp":"2025-04-21 17:55:48"}
{"level":"info","message":"Running API diagnostic test","service":"tile-generator","timestamp":"2025-04-21 17:55:58"}
{"level":"info","message":"Sending test request to Ideogram API","service":"tile-generator","timestamp":"2025-04-21 17:55:58"}
{"level":"info","message":"Server initializing...","service":"tile-generator","timestamp":"2025-04-21 18:29:24"}
{"level":"info","message":"Server running on port 3000","service":"tile-generator","timestamp":"2025-04-21 18:29:24"}
{"level":"info","message":"Running API diagnostic test","service":"tile-generator","timestamp":"2025-04-21 18:29:39"}
{"level":"info","message":"Sending test request to Ideogram API","service":"tile-generator","timestamp":"2025-04-21 18:29:39"}
{"level":"info","message":"Server initializing...","service":"tile-generator","timestamp":"2025-04-22 16:13:51"}
{"level":"info","message":"Server running on port 3000","service":"tile-generator","timestamp":"2025-04-22 16:13:51"}
{"level":"info","message":"Running API diagnostic test","service":"tile-generator","timestamp":"2025-04-22 16:14:47"}
{"level":"info","message":"Sending test request to Ideogram API","service":"tile-generator","timestamp":"2025-04-22 16:14:49"}
{"level":"info","message":"Tile requested at position {\"regionX\":0,\"regionY\":0,\"x\":1,\"y\":0}","service":"tile-generator","timestamp":"2025-04-22 16:15:00"}
{"level":"info","message":"Tile not found, generating new tile at position {\"regionX\":0,\"regionY\":0,\"x\":1,\"y\":0}","service":"tile-generator","timestamp":"2025-04-22 16:15:00"}
{"level":"info","message":"Generating horizontal tile at position {\"regionX\":0,\"regionY\":0,\"x\":1,\"y\":0}","service":"tile-generator","timestamp":"2025-04-22 16:15:00"}
{"level":"warn","message":"API request failed (attempt 1/3): Status 500: {\"error\": \"We encountered an internal server error\"}","service":"tile-generator","timestamp":"2025-04-22 16:15:02"}
{"level":"info","message":"Server initializing...","service":"tile-generator","timestamp":"2025-04-22 16:53:39"}
{"level":"info","message":"Server running on port 3000","service":"tile-generator","timestamp":"2025-04-22 16:53:39"}
{"level":"info","message":"Running API diagnostic test","service":"tile-generator","timestamp":"2025-04-22 16:53:46"}
{"level":"info","message":"Sending test request to Ideogram API","service":"tile-generator","timestamp":"2025-04-22 16:53:47"}
{"level":"info","message":"Tile requested at position {\"regionX\":0,\"regionY\":0,\"x\":1,\"y\":0}","service":"tile-generator","timestamp":"2025-04-22 16:53:50"}
{"level":"info","message":"Tile not found, generating new tile at position {\"regionX\":0,\"regionY\":0,\"x\":1,\"y\":0}","service":"tile-generator","timestamp":"2025-04-22 16:53:50"}
{"level":"info","message":"Generating horizontal tile at position {\"regionX\":0,\"regionY\":0,\"x\":1,\"y\":0}","service":"tile-generator","timestamp":"2025-04-22 16:53:50"}
{"level":"warn","message":"API request failed (attempt 1/3): Status 500: {\"error\": \"We encountered an internal server error\"}","service":"tile-generator","timestamp":"2025-04-22 16:53:52"}
{"level":"error","message":"Network error during API request (attempt 2/3): network timeout at: https://api.ideogram.ai/edit","service":"tile-generator","timestamp":"2025-04-22 16:54:53"}
{"level":"error","message":"Network error during API request (attempt 3/3): request to https://api.ideogram.ai/edit failed, reason: socket hang up","service":"tile-generator","timestamp":"2025-04-22 16:55:12"}
{"level":"error","message":"API request failed: API request failed after 3 attempts. Last status: 500, Error: {\"error\": \"We encountered an internal server error\"}","service":"tile-generator","timestamp":"2025-04-22 16:55:20"}
{"error":{},"level":"error","message":"Error generating horizontal tile: API request failed after 3 attempts. Last status: 500, Error: {\"error\": \"We encountered an internal server error\"}","position":{"regionX":0,"regionY":0,"x":1,"y":0},"service":"tile-generator","timestamp":"2025-04-22 16:55:20"}
{"level":"warn","message":"Generating fallback tile","service":"tile-generator","timestamp":"2025-04-22 16:55:20"}
{"level":"info","message":"Generating fallback tile for position {\"regionX\":0,\"regionY\":0,\"x\":1,\"y\":0}","service":"tile-generator","timestamp":"2025-04-22 16:55:20"}
{"level":"info","message":"Fallback tile saved to C:\\Users\\reyno\\autonomous-realms\\server\\assets\\tiles\\0_0_1_0.png","service":"tile-generator","timestamp":"2025-04-22 16:55:20"}
{"level":"info","message":"Server initializing...","service":"tile-generator","timestamp":"2025-04-22 16:56:12"}
{"level":"info","message":"Server running on port 3000","service":"tile-generator","timestamp":"2025-04-22 16:56:12"}
{"level":"info","message":"Running API diagnostic test","service":"tile-generator","timestamp":"2025-04-22 16:56:24"}
{"level":"info","message":"Sending test request to Ideogram API","service":"tile-generator","timestamp":"2025-04-22 16:56:24"}
{"level":"info","message":"Tile requested at position {\"regionX\":0,\"regionY\":0,\"x\":1,\"y\":0}","service":"tile-generator","timestamp":"2025-04-22 16:56:26"}
{"level":"info","message":"Tile not found, generating new tile at position {\"regionX\":0,\"regionY\":0,\"x\":1,\"y\":0}","service":"tile-generator","timestamp":"2025-04-22 16:56:26"}
{"level":"info","message":"Generating horizontal tile at position {\"regionX\":0,\"regionY\":0,\"x\":1,\"y\":0}","service":"tile-generator","timestamp":"2025-04-22 16:56:26"}
{"level":"warn","message":"API request failed (attempt 1/3): Status 500: {\"error\": \"We encountered an internal server error\"}","service":"tile-generator","timestamp":"2025-04-22 16:56:28"}
{"level":"info","message":"Server initializing...","service":"tile-generator","timestamp":"2025-04-22 16:58:02"}
{"level":"info","message":"Server running on port 3000","service":"tile-generator","timestamp":"2025-04-22 16:58:02"}
{"level":"info","message":"Running API diagnostic test","service":"tile-generator","timestamp":"2025-04-22 16:58:06"}
{"level":"info","message":"Sending test request to Ideogram API","service":"tile-generator","timestamp":"2025-04-22 16:58:06"}
{"level":"info","message":"Server initializing...","service":"tile-generator","timestamp":"2025-04-22 17:00:29"}
{"level":"info","message":"Server running on port 3000","service":"tile-generator","timestamp":"2025-04-22 17:00:29"}
{"level":"info","message":"Running API diagnostic test","service":"tile-generator","timestamp":"2025-04-22 17:00:33"}
{"level":"info","message":"Sending test request to Ideogram API","service":"tile-generator","timestamp":"2025-04-22 17:00:33"}
{"level":"info","message":"Tile requested at position {\"regionX\":0,\"regionY\":0,\"x\":1,\"y\":0}","service":"tile-generator","timestamp":"2025-04-22 17:00:37"}
{"level":"info","message":"Tile not found, generating new tile at position {\"regionX\":0,\"regionY\":0,\"x\":1,\"y\":0}","service":"tile-generator","timestamp":"2025-04-22 17:00:37"}
{"level":"info","message":"Generating horizontal tile at position {\"regionX\":0,\"regionY\":0,\"x\":1,\"y\":0}","service":"tile-generator","timestamp":"2025-04-22 17:00:37"}
{"level":"warn","message":"API request failed (attempt 1/3): Status 500: {\"error\": \"We encountered an internal server error\"}","service":"tile-generator","timestamp":"2025-04-22 17:00:39"}
{"level":"info","message":"Server initializing...","service":"tile-generator","timestamp":"2025-04-22 17:07:44"}
{"level":"info","message":"Server running on port 3000","service":"tile-generator","timestamp":"2025-04-22 17:07:44"}
{"level":"info","message":"Running API diagnostic test","service":"tile-generator","timestamp":"2025-04-22 17:07:48"}
{"level":"info","message":"Sending test request to Ideogram API","service":"tile-generator","timestamp":"2025-04-22 17:07:48"}
{"level":"info","message":"Tile requested at position {\"regionX\":0,\"regionY\":0,\"x\":1,\"y\":0}","service":"tile-generator","timestamp":"2025-04-22 17:07:52"}
{"level":"info","message":"Tile not found, generating new tile at position {\"regionX\":0,\"regionY\":0,\"x\":1,\"y\":0}","service":"tile-generator","timestamp":"2025-04-22 17:07:52"}
{"level":"info","message":"Generating horizontal tile at position {\"regionX\":0,\"regionY\":0,\"x\":1,\"y\":0}","service":"tile-generator","timestamp":"2025-04-22 17:07:52"}
{"level":"warn","message":"API request failed (attempt 1/3): Status 500: {\"error\": \"We encountered an internal server error\"}","service":"tile-generator","timestamp":"2025-04-22 17:07:53"}
{"level":"info","message":"Server initializing...","service":"tile-generator","timestamp":"2025-04-22 17:09:49"}
{"level":"info","message":"Server running on port 3000","service":"tile-generator","timestamp":"2025-04-22 17:09:49"}
{"level":"info","message":"Tile requested at position {\"regionX\":0,\"regionY\":0,\"x\":1,\"y\":0}","service":"tile-generator","timestamp":"2025-04-22 17:09:53"}
{"level":"info","message":"Tile not found, generating new tile at position {\"regionX\":0,\"regionY\":0,\"x\":1,\"y\":0}","service":"tile-generator","timestamp":"2025-04-22 17:09:53"}
{"level":"info","message":"Generating horizontal tile at position {\"regionX\":0,\"regionY\":0,\"x\":1,\"y\":0}","service":"tile-generator","timestamp":"2025-04-22 17:09:53"}
{"level":"warn","message":"API request failed (attempt 1/3): Status 500: {\"error\": \"We encountered an internal server error\"}","service":"tile-generator","timestamp":"2025-04-22 17:09:55"}
{"level":"info","message":"Running cURL diagnostic test","service":"tile-generator","timestamp":"2025-04-22 17:10:06"}
{"level":"error","message":"cURL execution error: Command failed: curl -X POST https://api.ideogram.ai/reframe \\\n     -H \"Api-Key: 5rySmRgedDlq8nHLQJme0n5PA-MIJUPzZCA0mqqdUTGu8mc2_vmRIYlnMgx0VPiT09Jwj4cax874hbfgtkuyVA\" \\\n     -F \"image_file=@C:\\Users\\reyno\\autonomous-realms\\server\\temp\\curl_test_image_1745334606418.png\" \\\n     -F \"resolution=RESOLUTION_960_1024\" \\\n     -F \"model=V_2_TURBO\"\n  % Total    % Received % Xferd  Average Speed   Time    Time     Time  Current\r\n                                 Dload  Upload   Total   Spent    Left  Speed\r\n\r  0     0    0     0    0     0      0      0 --:--:-- --:--:-- --:--:--     0\r100   108  100   108    0     0    535      0 --:--:-- --:--:-- --:--:--   542\r\ncurl: (3) URL rejected: Bad hostname\r\n","service":"tile-generator","timestamp":"2025-04-22 17:10:06"}
{"level":"info","message":"Running cURL diagnostic test","service":"tile-generator","timestamp":"2025-04-22 17:11:17"}
{"level":"error","message":"cURL execution error: Command failed: curl -X POST https://api.ideogram.ai/reframe \\\n     -H \"Api-Key: 5rySmRgedDlq8nHLQJme0n5PA-MIJUPzZCA0mqqdUTGu8mc2_vmRIYlnMgx0VPiT09Jwj4cax874hbfgtkuyVA\" \\\n     -F \"image_file=@C:\\Users\\reyno\\autonomous-realms\\server\\temp\\curl_test_image_1745334677081.png\" \\\n     -F \"resolution=RESOLUTION_960_1024\" \\\n     -F \"model=V_2_TURBO\"\n  % Total    % Received % Xferd  Average Speed   Time    Time     Time  Current\r\n                                 Dload  Upload   Total   Spent    Left  Speed\r\n\r  0     0    0     0    0     0      0      0 --:--:-- --:--:-- --:--:--     0\r100   108  100   108    0     0    531      0 --:--:-- --:--:-- --:--:--   537\r\ncurl: (3) URL rejected: Bad hostname\r\n","service":"tile-generator","timestamp":"2025-04-22 17:11:17"}
{"level":"info","message":"Running cURL diagnostic test","service":"tile-generator","timestamp":"2025-04-22 17:11:18"}
{"level":"error","message":"cURL execution error: Command failed: curl -X POST https://api.ideogram.ai/reframe \\\n     -H \"Api-Key: 5rySmRgedDlq8nHLQJme0n5PA-MIJUPzZCA0mqqdUTGu8mc2_vmRIYlnMgx0VPiT09Jwj4cax874hbfgtkuyVA\" \\\n     -F \"image_file=@C:\\Users\\reyno\\autonomous-realms\\server\\temp\\curl_test_image_1745334678332.png\" \\\n     -F \"resolution=RESOLUTION_960_1024\" \\\n     -F \"model=V_2_TURBO\"\n  % Total    % Received % Xferd  Average Speed   Time    Time     Time  Current\r\n                                 Dload  Upload   Total   Spent    Left  Speed\r\n\r  0     0    0     0    0     0      0      0 --:--:-- --:--:-- --:--:--     0\r100   108  100   108    0     0    517      0 --:--:-- --:--:-- --:--:--   519\r100   108  100   108    0     0    517      0 --:--:-- --:--:-- --:--:--   519\r\ncurl: (3) URL rejected: Bad hostname\r\n","service":"tile-generator","timestamp":"2025-04-22 17:11:18"}
{"level":"info","message":"Server initializing...","service":"tile-generator","timestamp":"2025-04-22 17:11:22"}
{"level":"info","message":"Server running on port 3000","service":"tile-generator","timestamp":"2025-04-22 17:11:22"}
{"level":"info","message":"Running cURL diagnostic test","service":"tile-generator","timestamp":"2025-04-22 17:11:25"}
{"level":"info","message":"Server initializing...","service":"tile-generator","timestamp":"2025-04-22 17:15:11"}
{"level":"info","message":"Server running on port 3000","service":"tile-generator","timestamp":"2025-04-22 17:15:11"}
{"level":"info","message":"Tile requested at position {\"regionX\":0,\"regionY\":0,\"x\":1,\"y\":0}","service":"tile-generator","timestamp":"2025-04-22 17:15:16"}
{"level":"info","message":"Tile not found, generating new tile at position {\"regionX\":0,\"regionY\":0,\"x\":1,\"y\":0}","service":"tile-generator","timestamp":"2025-04-22 17:15:16"}
{"level":"info","message":"Generating horizontal tile at position {\"regionX\":0,\"regionY\":0,\"x\":1,\"y\":0}","service":"tile-generator","timestamp":"2025-04-22 17:15:16"}
{"level":"info","message":"Successfully generated horizontal tile at C:\\Users\\reyno\\autonomous-realms\\server\\assets\\tiles\\0_0_1_0.png","service":"tile-generator","timestamp":"2025-04-22 17:15:30"}
{"level":"info","message":"Tile requested at position {\"regionX\":0,\"regionY\":0,\"x\":1,\"y\":0}","service":"tile-generator","timestamp":"2025-04-22 17:17:27"}
{"level":"info","message":"Server initializing...","service":"tile-generator","timestamp":"2025-04-22 17:20:00"}
{"level":"info","message":"Server running on port 3000","service":"tile-generator","timestamp":"2025-04-22 17:20:00"}
{"level":"info","message":"Tile requested at position {\"regionX\":0,\"regionY\":0,\"x\":0,\"y\":0}","service":"tile-generator","timestamp":"2025-04-22 17:20:09"}
{"level":"info","message":"Tile not found, generating new tile at position {\"regionX\":0,\"regionY\":0,\"x\":0,\"y\":0}","service":"tile-generator","timestamp":"2025-04-22 17:20:09"}
{"level":"info","message":"Tile requested at position {\"regionX\":0,\"regionY\":0,\"x\":1,\"y\":0}","service":"tile-generator","timestamp":"2025-04-22 17:20:16"}
{"level":"info","message":"Tile not found, generating new tile at position {\"regionX\":0,\"regionY\":0,\"x\":1,\"y\":0}","service":"tile-generator","timestamp":"2025-04-22 17:20:16"}
{"level":"info","message":"Generating horizontal tile at position {\"regionX\":0,\"regionY\":0,\"x\":1,\"y\":0}","service":"tile-generator","timestamp":"2025-04-22 17:20:16"}
{"level":"warn","message":"API request failed (attempt 1/3): Invalid response from Ideogram API: {\"type\":\"about:blank\",\"title\":\"Bad Request\",\"detail\":\"'RESOLUTION_1536_768' is not one of ['RESOLUTION_512_1536', 'RESOLUTION_576_1408', 'RESOLUTION_576_1472', 'RESOLUTION_576_1536', 'RESOLUTION_640_1024', 'RESOLUTION_640_1344', 'RESOLUTION_640_1408', 'RESOLUTION_640_1472', 'RESOLUTION_640_1536', 'RESOLUTION_704_1152', 'RESOLUTION_704_1216', 'RESOLUTION_704_1280', 'RESOLUTION_704_1344', 'RESOLUTION_704_1408', 'RESOLUTION_704_1472', 'RESOLUTION_720_1280', 'RESOLUTION_736_1312', 'RESOLUTION_768_1024', 'RESOLUTION_768_1088', 'RESOLUTION_768_1152', 'RESOLUTION_768_1216', 'RESOLUTION_768_1232', 'RESOLUTION_768_1280', 'RESOLUTION_768_1344', 'RESOLUTION_832_960', 'RESOLUTION_832_1024', 'RESOLUTION_832_1088', 'RESOLUTION_832_1152', 'RESOLUTION_832_1216', 'RESOLUTION_832_1248', 'RESOLUTION_864_1152', 'RESOLUTION_896_960', 'RESOLUTION_896_1024', 'RESOLUTION_896_1088', 'RESOLUTION_896_1120', 'RESOLUTION_896_1152', 'RESOLUTION_960_832', 'RESOLUTION_960_896', 'RESOLUTION_960_1024', 'RESOLUTION_960_1088', 'RESOLUTION_1024_640', 'RESOLUTION_1024_768', 'RESOLUTION_1024_832', 'RESOLUTION_1024_896', 'RESOLUTION_1024_960', 'RESOLUTION_1024_1024', 'RESOLUTION_1088_768', 'RESOLUTION_1088_832', 'RESOLUTION_1088_896', 'RESOLUTION_1088_960', 'RESOLUTION_1120_896', 'RESOLUTION_1152_704', 'RESOLUTION_1152_768', 'RESOLUTION_1152_832', 'RESOLUTION_1152_864', 'RESOLUTION_1152_896', 'RESOLUTION_1216_704', 'RESOLUTION_1216_768', 'RESOLUTION_1216_832', 'RESOLUTION_1232_768', 'RESOLUTION_1248_832', 'RESOLUTION_1280_704', 'RESOLUTION_1280_720', 'RESOLUTION_1280_768', 'RESOLUTION_1280_800', 'RESOLUTION_1312_736', 'RESOLUTION_1344_640', 'RESOLUTION_1344_704', 'RESOLUTION_1344_768', 'RESOLUTION_1408_576', 'RESOLUTION_1408_640', 'RESOLUTION_1408_704', 'RESOLUTION_1472_576', 'RESOLUTION_1472_640', 'RESOLUTION_1472_704', 'RESOLUTION_1536_512', 'RESOLUTION_1536_576', 'RESOLUTION_1536_640'] - 'resolution'\",\"status\":400}","service":"tile-generator","timestamp":"2025-04-22 17:20:18"}
{"level":"warn","message":"API request failed (attempt 2/3): Invalid response from Ideogram API: {\"type\":\"about:blank\",\"title\":\"Bad Request\",\"detail\":\"'RESOLUTION_1536_768' is not one of ['RESOLUTION_512_1536', 'RESOLUTION_576_1408', 'RESOLUTION_576_1472', 'RESOLUTION_576_1536', 'RESOLUTION_640_1024', 'RESOLUTION_640_1344', 'RESOLUTION_640_1408', 'RESOLUTION_640_1472', 'RESOLUTION_640_1536', 'RESOLUTION_704_1152', 'RESOLUTION_704_1216', 'RESOLUTION_704_1280', 'RESOLUTION_704_1344', 'RESOLUTION_704_1408', 'RESOLUTION_704_1472', 'RESOLUTION_720_1280', 'RESOLUTION_736_1312', 'RESOLUTION_768_1024', 'RESOLUTION_768_1088', 'RESOLUTION_768_1152', 'RESOLUTION_768_1216', 'RESOLUTION_768_1232', 'RESOLUTION_768_1280', 'RESOLUTION_768_1344', 'RESOLUTION_832_960', 'RESOLUTION_832_1024', 'RESOLUTION_832_1088', 'RESOLUTION_832_1152', 'RESOLUTION_832_1216', 'RESOLUTION_832_1248', 'RESOLUTION_864_1152', 'RESOLUTION_896_960', 'RESOLUTION_896_1024', 'RESOLUTION_896_1088', 'RESOLUTION_896_1120', 'RESOLUTION_896_1152', 'RESOLUTION_960_832', 'RESOLUTION_960_896', 'RESOLUTION_960_1024', 'RESOLUTION_960_1088', 'RESOLUTION_1024_640', 'RESOLUTION_1024_768', 'RESOLUTION_1024_832', 'RESOLUTION_1024_896', 'RESOLUTION_1024_960', 'RESOLUTION_1024_1024', 'RESOLUTION_1088_768', 'RESOLUTION_1088_832', 'RESOLUTION_1088_896', 'RESOLUTION_1088_960', 'RESOLUTION_1120_896', 'RESOLUTION_1152_704', 'RESOLUTION_1152_768', 'RESOLUTION_1152_832', 'RESOLUTION_1152_864', 'RESOLUTION_1152_896', 'RESOLUTION_1216_704', 'RESOLUTION_1216_768', 'RESOLUTION_1216_832', 'RESOLUTION_1232_768', 'RESOLUTION_1248_832', 'RESOLUTION_1280_704', 'RESOLUTION_1280_720', 'RESOLUTION_1280_768', 'RESOLUTION_1280_800', 'RESOLUTION_1312_736', 'RESOLUTION_1344_640', 'RESOLUTION_1344_704', 'RESOLUTION_1344_768', 'RESOLUTION_1408_576', 'RESOLUTION_1408_640', 'RESOLUTION_1408_704', 'RESOLUTION_1472_576', 'RESOLUTION_1472_640', 'RESOLUTION_1472_704', 'RESOLUTION_1536_512', 'RESOLUTION_1536_576', 'RESOLUTION_1536_640'] - 'resolution'\",\"status\":400}","service":"tile-generator","timestamp":"2025-04-22 17:20:20"}
{"level":"warn","message":"API request failed (attempt 3/3): Invalid response from Ideogram API: {\"type\":\"about:blank\",\"title\":\"Bad Request\",\"detail\":\"'RESOLUTION_1536_768' is not one of ['RESOLUTION_512_1536', 'RESOLUTION_576_1408', 'RESOLUTION_576_1472', 'RESOLUTION_576_1536', 'RESOLUTION_640_1024', 'RESOLUTION_640_1344', 'RESOLUTION_640_1408', 'RESOLUTION_640_1472', 'RESOLUTION_640_1536', 'RESOLUTION_704_1152', 'RESOLUTION_704_1216', 'RESOLUTION_704_1280', 'RESOLUTION_704_1344', 'RESOLUTION_704_1408', 'RESOLUTION_704_1472', 'RESOLUTION_720_1280', 'RESOLUTION_736_1312', 'RESOLUTION_768_1024', 'RESOLUTION_768_1088', 'RESOLUTION_768_1152', 'RESOLUTION_768_1216', 'RESOLUTION_768_1232', 'RESOLUTION_768_1280', 'RESOLUTION_768_1344', 'RESOLUTION_832_960', 'RESOLUTION_832_1024', 'RESOLUTION_832_1088', 'RESOLUTION_832_1152', 'RESOLUTION_832_1216', 'RESOLUTION_832_1248', 'RESOLUTION_864_1152', 'RESOLUTION_896_960', 'RESOLUTION_896_1024', 'RESOLUTION_896_1088', 'RESOLUTION_896_1120', 'RESOLUTION_896_1152', 'RESOLUTION_960_832', 'RESOLUTION_960_896', 'RESOLUTION_960_1024', 'RESOLUTION_960_1088', 'RESOLUTION_1024_640', 'RESOLUTION_1024_768', 'RESOLUTION_1024_832', 'RESOLUTION_1024_896', 'RESOLUTION_1024_960', 'RESOLUTION_1024_1024', 'RESOLUTION_1088_768', 'RESOLUTION_1088_832', 'RESOLUTION_1088_896', 'RESOLUTION_1088_960', 'RESOLUTION_1120_896', 'RESOLUTION_1152_704', 'RESOLUTION_1152_768', 'RESOLUTION_1152_832', 'RESOLUTION_1152_864', 'RESOLUTION_1152_896', 'RESOLUTION_1216_704', 'RESOLUTION_1216_768', 'RESOLUTION_1216_832', 'RESOLUTION_1232_768', 'RESOLUTION_1248_832', 'RESOLUTION_1280_704', 'RESOLUTION_1280_720', 'RESOLUTION_1280_768', 'RESOLUTION_1280_800', 'RESOLUTION_1312_736', 'RESOLUTION_1344_640', 'RESOLUTION_1344_704', 'RESOLUTION_1344_768', 'RESOLUTION_1408_576', 'RESOLUTION_1408_640', 'RESOLUTION_1408_704', 'RESOLUTION_1472_576', 'RESOLUTION_1472_640', 'RESOLUTION_1472_704', 'RESOLUTION_1536_512', 'RESOLUTION_1536_576', 'RESOLUTION_1536_640'] - 'resolution'\",\"status\":400}","service":"tile-generator","timestamp":"2025-04-22 17:20:23"}
{"level":"error","message":"API request failed: API request failed after 3 attempts. Last error: Invalid response from Ideogram API: {\"type\":\"about:blank\",\"title\":\"Bad Request\",\"detail\":\"'RESOLUTION_1536_768' is not one of ['RESOLUTION_512_1536', 'RESOLUTION_576_1408', 'RESOLUTION_576_1472', 'RESOLUTION_576_1536', 'RESOLUTION_640_1024', 'RESOLUTION_640_1344', 'RESOLUTION_640_1408', 'RESOLUTION_640_1472', 'RESOLUTION_640_1536', 'RESOLUTION_704_1152', 'RESOLUTION_704_1216', 'RESOLUTION_704_1280', 'RESOLUTION_704_1344', 'RESOLUTION_704_1408', 'RESOLUTION_704_1472', 'RESOLUTION_720_1280', 'RESOLUTION_736_1312', 'RESOLUTION_768_1024', 'RESOLUTION_768_1088', 'RESOLUTION_768_1152', 'RESOLUTION_768_1216', 'RESOLUTION_768_1232', 'RESOLUTION_768_1280', 'RESOLUTION_768_1344', 'RESOLUTION_832_960', 'RESOLUTION_832_1024', 'RESOLUTION_832_1088', 'RESOLUTION_832_1152', 'RESOLUTION_832_1216', 'RESOLUTION_832_1248', 'RESOLUTION_864_1152', 'RESOLUTION_896_960', 'RESOLUTION_896_1024', 'RESOLUTION_896_1088', 'RESOLUTION_896_1120', 'RESOLUTION_896_1152', 'RESOLUTION_960_832', 'RESOLUTION_960_896', 'RESOLUTION_960_1024', 'RESOLUTION_960_1088', 'RESOLUTION_1024_640', 'RESOLUTION_1024_768', 'RESOLUTION_1024_832', 'RESOLUTION_1024_896', 'RESOLUTION_1024_960', 'RESOLUTION_1024_1024', 'RESOLUTION_1088_768', 'RESOLUTION_1088_832', 'RESOLUTION_1088_896', 'RESOLUTION_1088_960', 'RESOLUTION_1120_896', 'RESOLUTION_1152_704', 'RESOLUTION_1152_768', 'RESOLUTION_1152_832', 'RESOLUTION_1152_864', 'RESOLUTION_1152_896', 'RESOLUTION_1216_704', 'RESOLUTION_1216_768', 'RESOLUTION_1216_832', 'RESOLUTION_1232_768', 'RESOLUTION_1248_832', 'RESOLUTION_1280_704', 'RESOLUTION_1280_720', 'RESOLUTION_1280_768', 'RESOLUTION_1280_800', 'RESOLUTION_1312_736', 'RESOLUTION_1344_640', 'RESOLUTION_1344_704', 'RESOLUTION_1344_768', 'RESOLUTION_1408_576', 'RESOLUTION_1408_640', 'RESOLUTION_1408_704', 'RESOLUTION_1472_576', 'RESOLUTION_1472_640', 'RESOLUTION_1472_704', 'RESOLUTION_1536_512', 'RESOLUTION_1536_576', 'RESOLUTION_1536_640'] - 'resolution'\",\"status\":400}","service":"tile-generator","timestamp":"2025-04-22 17:20:27"}
{"error":{},"level":"error","message":"Error generating horizontal tile: API request failed after 3 attempts. Last error: Invalid response from Ideogram API: {\"type\":\"about:blank\",\"title\":\"Bad Request\",\"detail\":\"'RESOLUTION_1536_768' is not one of ['RESOLUTION_512_1536', 'RESOLUTION_576_1408', 'RESOLUTION_576_1472', 'RESOLUTION_576_1536', 'RESOLUTION_640_1024', 'RESOLUTION_640_1344', 'RESOLUTION_640_1408', 'RESOLUTION_640_1472', 'RESOLUTION_640_1536', 'RESOLUTION_704_1152', 'RESOLUTION_704_1216', 'RESOLUTION_704_1280', 'RESOLUTION_704_1344', 'RESOLUTION_704_1408', 'RESOLUTION_704_1472', 'RESOLUTION_720_1280', 'RESOLUTION_736_1312', 'RESOLUTION_768_1024', 'RESOLUTION_768_1088', 'RESOLUTION_768_1152', 'RESOLUTION_768_1216', 'RESOLUTION_768_1232', 'RESOLUTION_768_1280', 'RESOLUTION_768_1344', 'RESOLUTION_832_960', 'RESOLUTION_832_1024', 'RESOLUTION_832_1088', 'RESOLUTION_832_1152', 'RESOLUTION_832_1216', 'RESOLUTION_832_1248', 'RESOLUTION_864_1152', 'RESOLUTION_896_960', 'RESOLUTION_896_1024', 'RESOLUTION_896_1088', 'RESOLUTION_896_1120', 'RESOLUTION_896_1152', 'RESOLUTION_960_832', 'RESOLUTION_960_896', 'RESOLUTION_960_1024', 'RESOLUTION_960_1088', 'RESOLUTION_1024_640', 'RESOLUTION_1024_768', 'RESOLUTION_1024_832', 'RESOLUTION_1024_896', 'RESOLUTION_1024_960', 'RESOLUTION_1024_1024', 'RESOLUTION_1088_768', 'RESOLUTION_1088_832', 'RESOLUTION_1088_896', 'RESOLUTION_1088_960', 'RESOLUTION_1120_896', 'RESOLUTION_1152_704', 'RESOLUTION_1152_768', 'RESOLUTION_1152_832', 'RESOLUTION_1152_864', 'RESOLUTION_1152_896', 'RESOLUTION_1216_704', 'RESOLUTION_1216_768', 'RESOLUTION_1216_832', 'RESOLUTION_1232_768', 'RESOLUTION_1248_832', 'RESOLUTION_1280_704', 'RESOLUTION_1280_720', 'RESOLUTION_1280_768', 'RESOLUTION_1280_800', 'RESOLUTION_1312_736', 'RESOLUTION_1344_640', 'RESOLUTION_1344_704', 'RESOLUTION_1344_768', 'RESOLUTION_1408_576', 'RESOLUTION_1408_640', 'RESOLUTION_1408_704', 'RESOLUTION_1472_576', 'RESOLUTION_1472_640', 'RESOLUTION_1472_704', 'RESOLUTION_1536_512', 'RESOLUTION_1536_576', 'RESOLUTION_1536_640'] - 'resolution'\",\"status\":400}","position":{"regionX":0,"regionY":0,"x":1,"y":0},"service":"tile-generator","timestamp":"2025-04-22 17:20:27"}
{"level":"warn","message":"Generating fallback tile","service":"tile-generator","timestamp":"2025-04-22 17:20:27"}
{"level":"info","message":"Generating fallback tile for position {\"regionX\":0,\"regionY\":0,\"x\":1,\"y\":0}","service":"tile-generator","timestamp":"2025-04-22 17:20:27"}
{"level":"info","message":"Fallback tile saved to C:\\Users\\reyno\\autonomous-realms\\server\\assets\\tiles\\0_0_1_0.png","service":"tile-generator","timestamp":"2025-04-22 17:20:27"}
{"level":"info","message":"Server initializing...","service":"tile-generator","timestamp":"2025-04-22 17:22:53"}
{"level":"info","message":"Server running on port 3000","service":"tile-generator","timestamp":"2025-04-22 17:22:53"}
{"level":"info","message":"Tile requested at position {\"regionX\":0,\"regionY\":0,\"x\":0,\"y\":0}","service":"tile-generator","timestamp":"2025-04-22 17:23:04"}
{"level":"info","message":"Tile not found, generating new tile at position {\"regionX\":0,\"regionY\":0,\"x\":0,\"y\":0}","service":"tile-generator","timestamp":"2025-04-22 17:23:04"}
{"level":"info","message":"Tile requested at position {\"regionX\":0,\"regionY\":0,\"x\":1,\"y\":0}","service":"tile-generator","timestamp":"2025-04-22 17:23:07"}
{"level":"info","message":"Tile not found, generating new tile at position {\"regionX\":0,\"regionY\":0,\"x\":1,\"y\":0}","service":"tile-generator","timestamp":"2025-04-22 17:23:07"}
{"level":"info","message":"Generating horizontal tile at position {\"regionX\":0,\"regionY\":0,\"x\":1,\"y\":0}","service":"tile-generator","timestamp":"2025-04-22 17:23:07"}
{"level":"info","message":"Successfully generated horizontal tile at C:\\Users\\reyno\\autonomous-realms\\server\\assets\\tiles\\0_0_1_0.png","service":"tile-generator","timestamp":"2025-04-22 17:23:20"}
{"level":"info","message":"Server initializing...","service":"tile-generator","timestamp":"2025-04-22 17:41:48"}
{"level":"info","message":"Server running on port 3000","service":"tile-generator","timestamp":"2025-04-22 17:41:48"}
{"level":"info","message":"Tile requested at position {\"regionX\":0,\"regionY\":0,\"x\":0,\"y\":0}","service":"tile-generator","timestamp":"2025-04-22 17:42:00"}
{"level":"info","message":"Tile not found, generating new tile at position {\"regionX\":0,\"regionY\":0,\"x\":0,\"y\":0}","service":"tile-generator","timestamp":"2025-04-22 17:42:00"}
{"level":"info","message":"Tile requested at position {\"regionX\":0,\"regionY\":0,\"x\":1,\"y\":0}","service":"tile-generator","timestamp":"2025-04-22 17:42:04"}
{"level":"info","message":"Tile not found, generating new tile at position {\"regionX\":0,\"regionY\":0,\"x\":1,\"y\":0}","service":"tile-generator","timestamp":"2025-04-22 17:42:04"}
{"level":"info","message":"Generating horizontal tile at position {\"regionX\":0,\"regionY\":0,\"x\":1,\"y\":0}","service":"tile-generator","timestamp":"2025-04-22 17:42:04"}
{"level":"warn","message":"API request failed (attempt 1/3): Invalid response from Ideogram API: {\"error\":\"The chosen resolution is not supported for reframe please select one of [['RESOLUTION_1024_1024', 'RESOLUTION_1408_704', 'RESOLUTION_704_1408', 'RESOLUTION_1312_736', 'RESOLUTION_736_1312', 'RESOLUTION_1280_800', 'RESOLUTION_800_1280', 'RESOLUTION_1120_896', 'RESOLUTION_896_1120', 'RESOLUTION_1248_832', 'RESOLUTION_832_1248', 'RESOLUTION_1152_864', 'RESOLUTION_864_1152', 'RESOLUTION_1536_512', 'RESOLUTION_512_1536', 'RESOLUTION_1408_576', 'RESOLUTION_1472_576', 'RESOLUTION_1536_576', 'RESOLUTION_1344_640', 'RESOLUTION_1408_640', 'RESOLUTION_1472_640', 'RESOLUTION_1536_640', 'RESOLUTION_1152_704', 'RESOLUTION_1216_704', 'RESOLUTION_1280_704', 'RESOLUTION_1344_704', 'RESOLUTION_1472_704', 'RESOLUTION_1088_768', 'RESOLUTION_1216_768', 'RESOLUTION_1280_768', 'RESOLUTION_1344_768', 'RESOLUTION_960_832', 'RESOLUTION_1024_832', 'RESOLUTION_1088_832', 'RESOLUTION_1152_832', 'RESOLUTION_1216_832', 'RESOLUTION_960_896', 'RESOLUTION_1024_896', 'RESOLUTION_1088_896', 'RESOLUTION_1152_896', 'RESOLUTION_832_960', 'RESOLUTION_896_960', 'RESOLUTION_1024_960', 'RESOLUTION_1088_960', 'RESOLUTION_832_1024', 'RESOLUTION_896_1024', 'RESOLUTION_960_1024', 'RESOLUTION_768_1088', 'RESOLUTION_832_1088', 'RESOLUTION_896_1088', 'RESOLUTION_960_1088', 'RESOLUTION_704_1152', 'RESOLUTION_832_1152', 'RESOLUTION_896_1152', 'RESOLUTION_704_1216', 'RESOLUTION_768_1216', 'RESOLUTION_832_1216', 'RESOLUTION_704_1280', 'RESOLUTION_768_1280', 'RESOLUTION_640_1344', 'RESOLUTION_704_1344', 'RESOLUTION_768_1344', 'RESOLUTION_576_1408', 'RESOLUTION_640_1408', 'RESOLUTION_576_1472', 'RESOLUTION_640_1472', 'RESOLUTION_704_1472', 'RESOLUTION_576_1536', 'RESOLUTION_640_1536']]\"}","service":"tile-generator","timestamp":"2025-04-22 17:42:05"}
{"level":"warn","message":"API request failed (attempt 2/3): Invalid response from Ideogram API: {\"error\":\"The chosen resolution is not supported for reframe please select one of [['RESOLUTION_1024_1024', 'RESOLUTION_1408_704', 'RESOLUTION_704_1408', 'RESOLUTION_1312_736', 'RESOLUTION_736_1312', 'RESOLUTION_1280_800', 'RESOLUTION_800_1280', 'RESOLUTION_1120_896', 'RESOLUTION_896_1120', 'RESOLUTION_1248_832', 'RESOLUTION_832_1248', 'RESOLUTION_1152_864', 'RESOLUTION_864_1152', 'RESOLUTION_1536_512', 'RESOLUTION_512_1536', 'RESOLUTION_1408_576', 'RESOLUTION_1472_576', 'RESOLUTION_1536_576', 'RESOLUTION_1344_640', 'RESOLUTION_1408_640', 'RESOLUTION_1472_640', 'RESOLUTION_1536_640', 'RESOLUTION_1152_704', 'RESOLUTION_1216_704', 'RESOLUTION_1280_704', 'RESOLUTION_1344_704', 'RESOLUTION_1472_704', 'RESOLUTION_1088_768', 'RESOLUTION_1216_768', 'RESOLUTION_1280_768', 'RESOLUTION_1344_768', 'RESOLUTION_960_832', 'RESOLUTION_1024_832', 'RESOLUTION_1088_832', 'RESOLUTION_1152_832', 'RESOLUTION_1216_832', 'RESOLUTION_960_896', 'RESOLUTION_1024_896', 'RESOLUTION_1088_896', 'RESOLUTION_1152_896', 'RESOLUTION_832_960', 'RESOLUTION_896_960', 'RESOLUTION_1024_960', 'RESOLUTION_1088_960', 'RESOLUTION_832_1024', 'RESOLUTION_896_1024', 'RESOLUTION_960_1024', 'RESOLUTION_768_1088', 'RESOLUTION_832_1088', 'RESOLUTION_896_1088', 'RESOLUTION_960_1088', 'RESOLUTION_704_1152', 'RESOLUTION_832_1152', 'RESOLUTION_896_1152', 'RESOLUTION_704_1216', 'RESOLUTION_768_1216', 'RESOLUTION_832_1216', 'RESOLUTION_704_1280', 'RESOLUTION_768_1280', 'RESOLUTION_640_1344', 'RESOLUTION_704_1344', 'RESOLUTION_768_1344', 'RESOLUTION_576_1408', 'RESOLUTION_640_1408', 'RESOLUTION_576_1472', 'RESOLUTION_640_1472', 'RESOLUTION_704_1472', 'RESOLUTION_576_1536', 'RESOLUTION_640_1536']]\"}","service":"tile-generator","timestamp":"2025-04-22 17:42:07"}
{"level":"warn","message":"API request failed (attempt 3/3): Invalid response from Ideogram API: {\"error\":\"The chosen resolution is not supported for reframe please select one of [['RESOLUTION_1024_1024', 'RESOLUTION_1408_704', 'RESOLUTION_704_1408', 'RESOLUTION_1312_736', 'RESOLUTION_736_1312', 'RESOLUTION_1280_800', 'RESOLUTION_800_1280', 'RESOLUTION_1120_896', 'RESOLUTION_896_1120', 'RESOLUTION_1248_832', 'RESOLUTION_832_1248', 'RESOLUTION_1152_864', 'RESOLUTION_864_1152', 'RESOLUTION_1536_512', 'RESOLUTION_512_1536', 'RESOLUTION_1408_576', 'RESOLUTION_1472_576', 'RESOLUTION_1536_576', 'RESOLUTION_1344_640', 'RESOLUTION_1408_640', 'RESOLUTION_1472_640', 'RESOLUTION_1536_640', 'RESOLUTION_1152_704', 'RESOLUTION_1216_704', 'RESOLUTION_1280_704', 'RESOLUTION_1344_704', 'RESOLUTION_1472_704', 'RESOLUTION_1088_768', 'RESOLUTION_1216_768', 'RESOLUTION_1280_768', 'RESOLUTION_1344_768', 'RESOLUTION_960_832', 'RESOLUTION_1024_832', 'RESOLUTION_1088_832', 'RESOLUTION_1152_832', 'RESOLUTION_1216_832', 'RESOLUTION_960_896', 'RESOLUTION_1024_896', 'RESOLUTION_1088_896', 'RESOLUTION_1152_896', 'RESOLUTION_832_960', 'RESOLUTION_896_960', 'RESOLUTION_1024_960', 'RESOLUTION_1088_960', 'RESOLUTION_832_1024', 'RESOLUTION_896_1024', 'RESOLUTION_960_1024', 'RESOLUTION_768_1088', 'RESOLUTION_832_1088', 'RESOLUTION_896_1088', 'RESOLUTION_960_1088', 'RESOLUTION_704_1152', 'RESOLUTION_832_1152', 'RESOLUTION_896_1152', 'RESOLUTION_704_1216', 'RESOLUTION_768_1216', 'RESOLUTION_832_1216', 'RESOLUTION_704_1280', 'RESOLUTION_768_1280', 'RESOLUTION_640_1344', 'RESOLUTION_704_1344', 'RESOLUTION_768_1344', 'RESOLUTION_576_1408', 'RESOLUTION_640_1408', 'RESOLUTION_576_1472', 'RESOLUTION_640_1472', 'RESOLUTION_704_1472', 'RESOLUTION_576_1536', 'RESOLUTION_640_1536']]\"}","service":"tile-generator","timestamp":"2025-04-22 17:42:10"}
{"level":"error","message":"API request failed: API request failed after 3 attempts. Last error: Invalid response from Ideogram API: {\"error\":\"The chosen resolution is not supported for reframe please select one of [['RESOLUTION_1024_1024', 'RESOLUTION_1408_704', 'RESOLUTION_704_1408', 'RESOLUTION_1312_736', 'RESOLUTION_736_1312', 'RESOLUTION_1280_800', 'RESOLUTION_800_1280', 'RESOLUTION_1120_896', 'RESOLUTION_896_1120', 'RESOLUTION_1248_832', 'RESOLUTION_832_1248', 'RESOLUTION_1152_864', 'RESOLUTION_864_1152', 'RESOLUTION_1536_512', 'RESOLUTION_512_1536', 'RESOLUTION_1408_576', 'RESOLUTION_1472_576', 'RESOLUTION_1536_576', 'RESOLUTION_1344_640', 'RESOLUTION_1408_640', 'RESOLUTION_1472_640', 'RESOLUTION_1536_640', 'RESOLUTION_1152_704', 'RESOLUTION_1216_704', 'RESOLUTION_1280_704', 'RESOLUTION_1344_704', 'RESOLUTION_1472_704', 'RESOLUTION_1088_768', 'RESOLUTION_1216_768', 'RESOLUTION_1280_768', 'RESOLUTION_1344_768', 'RESOLUTION_960_832', 'RESOLUTION_1024_832', 'RESOLUTION_1088_832', 'RESOLUTION_1152_832', 'RESOLUTION_1216_832', 'RESOLUTION_960_896', 'RESOLUTION_1024_896', 'RESOLUTION_1088_896', 'RESOLUTION_1152_896', 'RESOLUTION_832_960', 'RESOLUTION_896_960', 'RESOLUTION_1024_960', 'RESOLUTION_1088_960', 'RESOLUTION_832_1024', 'RESOLUTION_896_1024', 'RESOLUTION_960_1024', 'RESOLUTION_768_1088', 'RESOLUTION_832_1088', 'RESOLUTION_896_1088', 'RESOLUTION_960_1088', 'RESOLUTION_704_1152', 'RESOLUTION_832_1152', 'RESOLUTION_896_1152', 'RESOLUTION_704_1216', 'RESOLUTION_768_1216', 'RESOLUTION_832_1216', 'RESOLUTION_704_1280', 'RESOLUTION_768_1280', 'RESOLUTION_640_1344', 'RESOLUTION_704_1344', 'RESOLUTION_768_1344', 'RESOLUTION_576_1408', 'RESOLUTION_640_1408', 'RESOLUTION_576_1472', 'RESOLUTION_640_1472', 'RESOLUTION_704_1472', 'RESOLUTION_576_1536', 'RESOLUTION_640_1536']]\"}","service":"tile-generator","timestamp":"2025-04-22 17:42:14"}
{"error":{},"level":"error","message":"Error generating horizontal tile: API request failed after 3 attempts. Last error: Invalid response from Ideogram API: {\"error\":\"The chosen resolution is not supported for reframe please select one of [['RESOLUTION_1024_1024', 'RESOLUTION_1408_704', 'RESOLUTION_704_1408', 'RESOLUTION_1312_736', 'RESOLUTION_736_1312', 'RESOLUTION_1280_800', 'RESOLUTION_800_1280', 'RESOLUTION_1120_896', 'RESOLUTION_896_1120', 'RESOLUTION_1248_832', 'RESOLUTION_832_1248', 'RESOLUTION_1152_864', 'RESOLUTION_864_1152', 'RESOLUTION_1536_512', 'RESOLUTION_512_1536', 'RESOLUTION_1408_576', 'RESOLUTION_1472_576', 'RESOLUTION_1536_576', 'RESOLUTION_1344_640', 'RESOLUTION_1408_640', 'RESOLUTION_1472_640', 'RESOLUTION_1536_640', 'RESOLUTION_1152_704', 'RESOLUTION_1216_704', 'RESOLUTION_1280_704', 'RESOLUTION_1344_704', 'RESOLUTION_1472_704', 'RESOLUTION_1088_768', 'RESOLUTION_1216_768', 'RESOLUTION_1280_768', 'RESOLUTION_1344_768', 'RESOLUTION_960_832', 'RESOLUTION_1024_832', 'RESOLUTION_1088_832', 'RESOLUTION_1152_832', 'RESOLUTION_1216_832', 'RESOLUTION_960_896', 'RESOLUTION_1024_896', 'RESOLUTION_1088_896', 'RESOLUTION_1152_896', 'RESOLUTION_832_960', 'RESOLUTION_896_960', 'RESOLUTION_1024_960', 'RESOLUTION_1088_960', 'RESOLUTION_832_1024', 'RESOLUTION_896_1024', 'RESOLUTION_960_1024', 'RESOLUTION_768_1088', 'RESOLUTION_832_1088', 'RESOLUTION_896_1088', 'RESOLUTION_960_1088', 'RESOLUTION_704_1152', 'RESOLUTION_832_1152', 'RESOLUTION_896_1152', 'RESOLUTION_704_1216', 'RESOLUTION_768_1216', 'RESOLUTION_832_1216', 'RESOLUTION_704_1280', 'RESOLUTION_768_1280', 'RESOLUTION_640_1344', 'RESOLUTION_704_1344', 'RESOLUTION_768_1344', 'RESOLUTION_576_1408', 'RESOLUTION_640_1408', 'RESOLUTION_576_1472', 'RESOLUTION_640_1472', 'RESOLUTION_704_1472', 'RESOLUTION_576_1536', 'RESOLUTION_640_1536']]\"}","position":{"regionX":0,"regionY":0,"x":1,"y":0},"service":"tile-generator","timestamp":"2025-04-22 17:42:14"}
{"level":"warn","message":"Generating fallback tile","service":"tile-generator","timestamp":"2025-04-22 17:42:14"}
{"level":"info","message":"Generating fallback tile for position {\"regionX\":0,\"regionY\":0,\"x\":1,\"y\":0}","service":"tile-generator","timestamp":"2025-04-22 17:42:14"}
{"level":"info","message":"Fallback tile saved to C:\\Users\\reyno\\autonomous-realms\\server\\assets\\tiles\\0_0_1_0.png","service":"tile-generator","timestamp":"2025-04-22 17:42:14"}
{"level":"info","message":"Server initializing...","service":"tile-generator","timestamp":"2025-04-22 17:45:28"}
{"level":"info","message":"Server running on port 3000","service":"tile-generator","timestamp":"2025-04-22 17:45:28"}
{"level":"info","message":"Tile requested at position {\"regionX\":0,\"regionY\":0,\"x\":0,\"y\":0}","service":"tile-generator","timestamp":"2025-04-22 17:45:29"}
{"level":"info","message":"Tile not found, generating new tile at position {\"regionX\":0,\"regionY\":0,\"x\":0,\"y\":0}","service":"tile-generator","timestamp":"2025-04-22 17:45:29"}
{"level":"info","message":"Tile requested at position {\"regionX\":0,\"regionY\":0,\"x\":1,\"y\":0}","service":"tile-generator","timestamp":"2025-04-22 17:45:32"}
{"level":"info","message":"Tile not found, generating new tile at position {\"regionX\":0,\"regionY\":0,\"x\":1,\"y\":0}","service":"tile-generator","timestamp":"2025-04-22 17:45:32"}
{"level":"info","message":"Generating horizontal tile at position {\"regionX\":0,\"regionY\":0,\"x\":1,\"y\":0}","service":"tile-generator","timestamp":"2025-04-22 17:45:32"}
{"level":"info","message":"Successfully generated horizontal tile at C:\\Users\\reyno\\autonomous-realms\\server\\assets\\tiles\\0_0_1_0.png","service":"tile-generator","timestamp":"2025-04-22 17:45:47"}
{"level":"info","message":"Tile requested at position {\"regionX\":0,\"regionY\":0,\"x\":1,\"y\":0}","service":"tile-generator","timestamp":"2025-04-22 17:46:11"}
{"level":"info","message":"Tile not found, generating new tile at position {\"regionX\":0,\"regionY\":0,\"x\":1,\"y\":0}","service":"tile-generator","timestamp":"2025-04-22 17:46:11"}
{"level":"info","message":"Generating horizontal tile at position {\"regionX\":0,\"regionY\":0,\"x\":1,\"y\":0}","service":"tile-generator","timestamp":"2025-04-22 17:46:11"}
{"level":"info","message":"Successfully generated horizontal tile at C:\\Users\\reyno\\autonomous-realms\\server\\assets\\tiles\\0_0_1_0.png","service":"tile-generator","timestamp":"2025-04-22 17:46:24"}
{"level":"info","message":"Server initializing...","service":"tile-generator","timestamp":"2025-04-22 17:48:16"}
{"level":"info","message":"Server running on port 3000","service":"tile-generator","timestamp":"2025-04-22 17:48:16"}
{"level":"info","message":"Tile requested at position {\"regionX\":0,\"regionY\":0,\"x\":1,\"y\":0}","service":"tile-generator","timestamp":"2025-04-22 17:48:21"}
{"level":"info","message":"Tile not found, generating new tile at position {\"regionX\":0,\"regionY\":0,\"x\":1,\"y\":0}","service":"tile-generator","timestamp":"2025-04-22 17:48:21"}
{"level":"info","message":"Generating horizontal tile at position {\"regionX\":0,\"regionY\":0,\"x\":1,\"y\":0}","service":"tile-generator","timestamp":"2025-04-22 17:48:21"}
{"level":"warn","message":"API request failed (attempt 1/3): Invalid response from Ideogram API: {\"error\":\"Reframe is currently only supported by Model 2.0 and 2.0 Turbo\"}","service":"tile-generator","timestamp":"2025-04-22 17:48:22"}
{"level":"warn","message":"API request failed (attempt 2/3): Invalid response from Ideogram API: {\"error\":\"Reframe is currently only supported by Model 2.0 and 2.0 Turbo\"}","service":"tile-generator","timestamp":"2025-04-22 17:48:24"}
{"level":"warn","message":"API request failed (attempt 3/3): Invalid response from Ideogram API: {\"error\":\"Reframe is currently only supported by Model 2.0 and 2.0 Turbo\"}","service":"tile-generator","timestamp":"2025-04-22 17:48:27"}
{"level":"error","message":"API request failed: API request failed after 3 attempts. Last error: Invalid response from Ideogram API: {\"error\":\"Reframe is currently only supported by Model 2.0 and 2.0 Turbo\"}","service":"tile-generator","timestamp":"2025-04-22 17:48:31"}
{"error":{},"level":"error","message":"Error generating horizontal tile: API request failed after 3 attempts. Last error: Invalid response from Ideogram API: {\"error\":\"Reframe is currently only supported by Model 2.0 and 2.0 Turbo\"}","position":{"regionX":0,"regionY":0,"x":1,"y":0},"service":"tile-generator","timestamp":"2025-04-22 17:48:31"}
{"level":"warn","message":"Generating fallback tile","service":"tile-generator","timestamp":"2025-04-22 17:48:31"}
{"level":"info","message":"Generating fallback tile for position {\"regionX\":0,\"regionY\":0,\"x\":1,\"y\":0}","service":"tile-generator","timestamp":"2025-04-22 17:48:31"}
{"level":"info","message":"Fallback tile saved to C:\\Users\\reyno\\autonomous-realms\\server\\assets\\tiles\\0_0_1_0.png","service":"tile-generator","timestamp":"2025-04-22 17:48:31"}
{"level":"info","message":"Server initializing...","service":"tile-generator","timestamp":"2025-04-22 17:52:06"}
{"level":"info","message":"Server running on port 3000","service":"tile-generator","timestamp":"2025-04-22 17:52:06"}
{"level":"info","message":"Tile requested at position {\"regionX\":0,\"regionY\":0,\"x\":1,\"y\":0}","service":"tile-generator","timestamp":"2025-04-22 17:52:13"}
{"level":"info","message":"Tile not found, generating new tile at position {\"regionX\":0,\"regionY\":0,\"x\":1,\"y\":0}","service":"tile-generator","timestamp":"2025-04-22 17:52:13"}
{"level":"info","message":"Generating horizontal tile at position {\"regionX\":0,\"regionY\":0,\"x\":1,\"y\":0}","service":"tile-generator","timestamp":"2025-04-22 17:52:13"}
{"level":"info","message":"Successfully generated horizontal tile at C:\\Users\\reyno\\autonomous-realms\\server\\assets\\tiles\\0_0_1_0.png","service":"tile-generator","timestamp":"2025-04-22 17:52:26"}
{"level":"info","message":"Tile requested at position {\"regionX\":0,\"regionY\":0,\"x\":1,\"y\":0}","service":"tile-generator","timestamp":"2025-04-22 17:52:34"}
{"level":"info","message":"Tile not found, generating new tile at position {\"regionX\":0,\"regionY\":0,\"x\":1,\"y\":0}","service":"tile-generator","timestamp":"2025-04-22 17:52:34"}
{"level":"info","message":"Generating horizontal tile at position {\"regionX\":0,\"regionY\":0,\"x\":1,\"y\":0}","service":"tile-generator","timestamp":"2025-04-22 17:52:34"}
{"level":"info","message":"Successfully generated horizontal tile at C:\\Users\\reyno\\autonomous-realms\\server\\assets\\tiles\\0_0_1_0.png","service":"tile-generator","timestamp":"2025-04-22 17:52:47"}
{"level":"info","message":"Server initializing...","service":"tile-generator","timestamp":"2025-04-22 17:58:08"}
{"level":"info","message":"Server running on port 3000","service":"tile-generator","timestamp":"2025-04-22 17:58:08"}
{"level":"info","message":"Tile requested at position {\"regionX\":0,\"regionY\":0,\"x\":0,\"y\":0}","service":"tile-generator","timestamp":"2025-04-22 17:58:16"}
{"level":"info","message":"Tile not found, generating new tile at position {\"regionX\":0,\"regionY\":0,\"x\":0,\"y\":0}","service":"tile-generator","timestamp":"2025-04-22 17:58:16"}
{"level":"info","message":"Tile requested at position {\"regionX\":0,\"regionY\":0,\"x\":1,\"y\":0}","service":"tile-generator","timestamp":"2025-04-22 17:58:19"}
{"level":"info","message":"Tile not found, generating new tile at position {\"regionX\":0,\"regionY\":0,\"x\":1,\"y\":0}","service":"tile-generator","timestamp":"2025-04-22 17:58:19"}
{"level":"info","message":"Generating horizontal tile at position {\"regionX\":0,\"regionY\":0,\"x\":1,\"y\":0}","service":"tile-generator","timestamp":"2025-04-22 17:58:19"}
{"level":"info","message":"Successfully generated horizontal tile at C:\\Users\\reyno\\autonomous-realms\\server\\assets\\tiles\\0_0_1_0.png","service":"tile-generator","timestamp":"2025-04-22 17:58:32"}
{"level":"info","message":"Server initializing...","service":"tile-generator","timestamp":"2025-04-22 18:01:32"}
{"level":"info","message":"Server running on port 3000","service":"tile-generator","timestamp":"2025-04-22 18:01:32"}
{"level":"info","message":"Tile requested at position {\"regionX\":0,\"regionY\":0,\"x\":1,\"y\":0}","service":"tile-generator","timestamp":"2025-04-22 18:01:37"}
{"level":"info","message":"Tile requested at position {\"regionX\":0,\"regionY\":0,\"x\":1,\"y\":0}","service":"tile-generator","timestamp":"2025-04-22 18:01:42"}
{"level":"info","message":"Tile not found, generating new tile at position {\"regionX\":0,\"regionY\":0,\"x\":1,\"y\":0}","service":"tile-generator","timestamp":"2025-04-22 18:01:42"}
{"level":"info","message":"Generating horizontal tile at position {\"regionX\":0,\"regionY\":0,\"x\":1,\"y\":0}","service":"tile-generator","timestamp":"2025-04-22 18:01:42"}
{"level":"info","message":"Successfully generated horizontal tile at C:\\Users\\reyno\\autonomous-realms\\server\\assets\\tiles\\0_0_1_0.png","service":"tile-generator","timestamp":"2025-04-22 18:01:56"}
{"level":"info","message":"Server initializing...","service":"tile-generator","timestamp":"2025-04-22 18:15:14"}
{"level":"info","message":"Server running on port 3000","service":"tile-generator","timestamp":"2025-04-22 18:15:14"}
{"level":"info","message":"Tile requested at position {\"regionX\":0,\"regionY\":0,\"x\":1,\"y\":0}","service":"tile-generator","timestamp":"2025-04-22 18:15:31"}
{"level":"info","message":"Tile not found, generating new tile at position {\"regionX\":0,\"regionY\":0,\"x\":1,\"y\":0}","service":"tile-generator","timestamp":"2025-04-22 18:15:31"}
{"level":"info","message":"Generating horizontal tile at position {\"regionX\":0,\"regionY\":0,\"x\":1,\"y\":0}","service":"tile-generator","timestamp":"2025-04-22 18:15:31"}
{"level":"info","message":"Successfully generated horizontal tile at C:\\Users\\reyno\\autonomous-realms\\server\\assets\\tiles\\0_0_1_0.png","service":"tile-generator","timestamp":"2025-04-22 18:15:46"}
{"level":"info","message":"Starting test image generation","service":"tile-generator","timestamp":"2025-04-22 18:49:22"}
{"level":"info","message":"Creating output directory: C:\\Users\\reyno\\autonomous-realms\\server\\output","service":"tile-generator","timestamp":"2025-04-22 18:49:22"}
{"level":"error","message":"Error generating test image: API request failed with status 401: {\"message\": \"Access denied. Please verify your API Token is valid.\"}","service":"tile-generator","timestamp":"2025-04-22 18:49:22"}
{"level":"info","message":"Starting test image generation","service":"tile-generator","timestamp":"2025-04-22 18:51:54"}
{"level":"error","message":"Error generating test image: API request failed with status 401: {\"message\": \"Access denied. Please verify your API Token is valid.\"}","service":"tile-generator","timestamp":"2025-04-22 18:51:54"}
{"level":"info","message":"Starting test image generation","service":"tile-generator","timestamp":"2025-04-22 18:52:50"}
{"level":"info","message":"API Key length: 86","service":"tile-generator","timestamp":"2025-04-22 18:52:50"}
{"level":"info","message":"API Key first few chars: 5ryS...","service":"tile-generator","timestamp":"2025-04-22 18:52:50"}
{"level":"info","message":"Image downloaded successfully to C:\\Users\\reyno\\autonomous-realms\\server\\output\\generated_1.png","service":"tile-generator","timestamp":"2025-04-22 18:52:57"}
{"level":"info","message":"Successfully generated image #1","service":"tile-generator","timestamp":"2025-04-22 18:52:57"}
{"level":"info","message":"Image saved to: C:\\Users\\reyno\\autonomous-realms\\server\\output\\generated_1.png","service":"tile-generator","timestamp":"2025-04-22 18:52:57"}
{"level":"info","message":"Metadata saved to: C:\\Users\\reyno\\autonomous-realms\\server\\output\\generated_1_metadata.json","service":"tile-generator","timestamp":"2025-04-22 18:52:57"}
{"level":"info","message":"Test image generation completed successfully","service":"tile-generator","timestamp":"2025-04-22 18:52:57"}
{"level":"info","message":"Starting test image generation","service":"tile-generator","timestamp":"2025-04-22 18:55:44"}
{"level":"info","message":"API Key length: 86","service":"tile-generator","timestamp":"2025-04-22 18:55:44"}
{"level":"info","message":"API Key first few chars: 5ryS...","service":"tile-generator","timestamp":"2025-04-22 18:55:44"}
{"level":"info","message":"Image downloaded successfully to C:\\Users\\reyno\\autonomous-realms\\server\\output\\generated_2.png","service":"tile-generator","timestamp":"2025-04-22 18:55:50"}
{"level":"info","message":"Removing background from image: C:\\Users\\reyno\\autonomous-realms\\server\\output\\generated_2.png","service":"tile-generator","timestamp":"2025-04-22 18:55:50"}
{"level":"info","message":"Background removed successfully from C:\\Users\\reyno\\autonomous-realms\\server\\output\\generated_2.png","service":"tile-generator","timestamp":"2025-04-22 18:55:50"}
{"level":"info","message":"Successfully generated image #2","service":"tile-generator","timestamp":"2025-04-22 18:55:50"}
{"level":"info","message":"Image saved to: C:\\Users\\reyno\\autonomous-realms\\server\\output\\generated_2.png","service":"tile-generator","timestamp":"2025-04-22 18:55:50"}
{"level":"info","message":"Metadata saved to: C:\\Users\\reyno\\autonomous-realms\\server\\output\\generated_2_metadata.json","service":"tile-generator","timestamp":"2025-04-22 18:55:50"}
{"level":"info","message":"Test image generation completed successfully","service":"tile-generator","timestamp":"2025-04-22 18:55:50"}
{"level":"info","message":"Starting test image generation","service":"tile-generator","timestamp":"2025-04-22 18:57:39"}
{"level":"info","message":"API Key length: 86","service":"tile-generator","timestamp":"2025-04-22 18:57:39"}
{"level":"info","message":"API Key first few chars: 5ryS...","service":"tile-generator","timestamp":"2025-04-22 18:57:39"}
{"level":"info","message":"Image downloaded successfully to C:\\Users\\reyno\\autonomous-realms\\server\\output\\generated_3.png","service":"tile-generator","timestamp":"2025-04-22 18:57:45"}
{"level":"info","message":"Removing background from image: C:\\Users\\reyno\\autonomous-realms\\server\\output\\generated_3.png","service":"tile-generator","timestamp":"2025-04-22 18:57:45"}
{"level":"info","message":"Background removed successfully from C:\\Users\\reyno\\autonomous-realms\\server\\output\\generated_3.png (made transparent)","service":"tile-generator","timestamp":"2025-04-22 18:57:46"}
{"level":"info","message":"Successfully generated image #3","service":"tile-generator","timestamp":"2025-04-22 18:57:46"}
{"level":"info","message":"Image saved to: C:\\Users\\reyno\\autonomous-realms\\server\\output\\generated_3.png","service":"tile-generator","timestamp":"2025-04-22 18:57:46"}
{"level":"info","message":"Metadata saved to: C:\\Users\\reyno\\autonomous-realms\\server\\output\\generated_3_metadata.json","service":"tile-generator","timestamp":"2025-04-22 18:57:46"}
{"level":"info","message":"Test image generation completed successfully","service":"tile-generator","timestamp":"2025-04-22 18:57:46"}
{"level":"info","message":"Starting test image generation","service":"tile-generator","timestamp":"2025-04-22 19:00:29"}
{"level":"info","message":"API Key length: 86","service":"tile-generator","timestamp":"2025-04-22 19:00:29"}
{"level":"info","message":"API Key first few chars: 5ryS...","service":"tile-generator","timestamp":"2025-04-22 19:00:29"}
{"level":"info","message":"Image downloaded successfully to C:\\Users\\reyno\\autonomous-realms\\server\\output\\generated_4.png","service":"tile-generator","timestamp":"2025-04-22 19:00:35"}
{"level":"info","message":"Removing background from image: C:\\Users\\reyno\\autonomous-realms\\server\\output\\generated_4.png","service":"tile-generator","timestamp":"2025-04-22 19:00:35"}
{"level":"info","message":"Background removed successfully from C:\\Users\\reyno\\autonomous-realms\\server\\output\\generated_4.png (made transparent)","service":"tile-generator","timestamp":"2025-04-22 19:00:36"}
{"level":"info","message":"Successfully generated image #4","service":"tile-generator","timestamp":"2025-04-22 19:00:36"}
{"level":"info","message":"Image saved to: C:\\Users\\reyno\\autonomous-realms\\server\\output\\generated_4.png","service":"tile-generator","timestamp":"2025-04-22 19:00:36"}
{"level":"info","message":"Metadata saved to: C:\\Users\\reyno\\autonomous-realms\\server\\output\\generated_4_metadata.json","service":"tile-generator","timestamp":"2025-04-22 19:00:36"}
{"level":"info","message":"Test image generation completed successfully","service":"tile-generator","timestamp":"2025-04-22 19:00:36"}
{"level":"info","message":"Starting test image generation","service":"tile-generator","timestamp":"2025-04-22 19:01:47"}
{"level":"info","message":"API Key length: 86","service":"tile-generator","timestamp":"2025-04-22 19:01:47"}
{"level":"info","message":"API Key first few chars: 5ryS...","service":"tile-generator","timestamp":"2025-04-22 19:01:47"}
{"level":"info","message":"Image downloaded successfully to C:\\Users\\reyno\\autonomous-realms\\server\\output\\generated_5.png","service":"tile-generator","timestamp":"2025-04-22 19:01:53"}
{"level":"info","message":"Removing background from image: C:\\Users\\reyno\\autonomous-realms\\server\\output\\generated_5.png","service":"tile-generator","timestamp":"2025-04-22 19:01:53"}
{"level":"info","message":"Background removed successfully from C:\\Users\\reyno\\autonomous-realms\\server\\output\\generated_5.png (made transparent)","service":"tile-generator","timestamp":"2025-04-22 19:01:53"}
{"level":"info","message":"Successfully generated image #5","service":"tile-generator","timestamp":"2025-04-22 19:01:53"}
{"level":"info","message":"Image saved to: C:\\Users\\reyno\\autonomous-realms\\server\\output\\generated_5.png","service":"tile-generator","timestamp":"2025-04-22 19:01:53"}
{"level":"info","message":"Metadata saved to: C:\\Users\\reyno\\autonomous-realms\\server\\output\\generated_5_metadata.json","service":"tile-generator","timestamp":"2025-04-22 19:01:53"}
{"level":"info","message":"Test image generation completed successfully","service":"tile-generator","timestamp":"2025-04-22 19:01:53"}
{"level":"info","message":"Starting test image generation","service":"tile-generator","timestamp":"2025-04-22 19:54:10"}
{"level":"info","message":"API Key length: 86","service":"tile-generator","timestamp":"2025-04-22 19:54:10"}
{"level":"info","message":"API Key first few chars: 5ryS...","service":"tile-generator","timestamp":"2025-04-22 19:54:10"}
{"level":"info","message":"Image downloaded successfully to C:\\Users\\reyno\\autonomous-realms\\server\\output\\generated_6.png","service":"tile-generator","timestamp":"2025-04-22 19:54:16"}
{"level":"info","message":"Removing background from image using remove.bg API: C:\\Users\\reyno\\autonomous-realms\\server\\output\\generated_6.png","service":"tile-generator","timestamp":"2025-04-22 19:54:16"}
{"level":"info","message":"Background removed successfully using remove.bg API: C:\\Users\\reyno\\autonomous-realms\\server\\output\\generated_6.png","service":"tile-generator","timestamp":"2025-04-22 19:54:18"}
{"level":"info","message":"Successfully generated image #6","service":"tile-generator","timestamp":"2025-04-22 19:54:18"}
{"level":"info","message":"Image saved to: C:\\Users\\reyno\\autonomous-realms\\server\\output\\generated_6.png","service":"tile-generator","timestamp":"2025-04-22 19:54:18"}
{"level":"info","message":"Metadata saved to: C:\\Users\\reyno\\autonomous-realms\\server\\output\\generated_6_metadata.json","service":"tile-generator","timestamp":"2025-04-22 19:54:18"}
{"level":"info","message":"Test image generation completed successfully","service":"tile-generator","timestamp":"2025-04-22 19:54:18"}
